0 info it worked if it ends with ok
1 verbose cli [ '/usr/bin/node', '/usr/bin/npm', 'install', '-g' ]
2 info using npm@1.4.28
3 info using node@v0.10.40
4 verbose node symlink /usr/bin/node
5 verbose cache add [ '.', null ]
6 verbose cache add name=undefined spec="." args=[".",null]
7 verbose parsed url { protocol: null,
7 verbose parsed url   slashes: null,
7 verbose parsed url   auth: null,
7 verbose parsed url   host: null,
7 verbose parsed url   port: null,
7 verbose parsed url   hostname: null,
7 verbose parsed url   hash: null,
7 verbose parsed url   search: null,
7 verbose parsed url   query: null,
7 verbose parsed url   pathname: '.',
7 verbose parsed url   path: '.',
7 verbose parsed url   href: '.' }
8 silly lockFile 3a52ce78- .
9 verbose lock . /home/daniel/.npm/3a52ce78-.lock
10 verbose tar pack [ '/home/daniel/.npm/sgp_nodejs/0.0.1/package.tgz', '.' ]
11 verbose tarball /home/daniel/.npm/sgp_nodejs/0.0.1/package.tgz
12 verbose folder .
13 info prepublish sgp_nodejs@0.0.1
14 silly lockFile 1f1177db-tar tar://.
15 verbose lock tar://. /home/daniel/.npm/1f1177db-tar.lock
16 silly lockFile cf5aa139-npm-sgp-nodejs-0-0-1-package-tgz tar:///home/daniel/.npm/sgp_nodejs/0.0.1/package.tgz
17 verbose lock tar:///home/daniel/.npm/sgp_nodejs/0.0.1/package.tgz /home/daniel/.npm/cf5aa139-npm-sgp-nodejs-0-0-1-package-tgz.lock
18 silly lockFile 1f1177db-tar tar://.
19 silly lockFile 1f1177db-tar tar://.
20 silly lockFile cf5aa139-npm-sgp-nodejs-0-0-1-package-tgz tar:///home/daniel/.npm/sgp_nodejs/0.0.1/package.tgz
21 silly lockFile cf5aa139-npm-sgp-nodejs-0-0-1-package-tgz tar:///home/daniel/.npm/sgp_nodejs/0.0.1/package.tgz
22 silly lockFile 5e7d2d41-iel-npm-sgp-nodejs-0-0-1-package /home/daniel/.npm/sgp_nodejs/0.0.1/package
23 verbose lock /home/daniel/.npm/sgp_nodejs/0.0.1/package /home/daniel/.npm/5e7d2d41-iel-npm-sgp-nodejs-0-0-1-package.lock
24 silly lockFile 5e7d2d41-iel-npm-sgp-nodejs-0-0-1-package /home/daniel/.npm/sgp_nodejs/0.0.1/package
25 silly lockFile 5e7d2d41-iel-npm-sgp-nodejs-0-0-1-package /home/daniel/.npm/sgp_nodejs/0.0.1/package
26 silly lockFile 3a52ce78- .
27 silly lockFile 3a52ce78- .
28 silly resolved [ { name: 'sgp_nodejs',
28 silly resolved     description: 'Este proyecto practica node',
28 silly resolved     author: { name: 'Practicando se aprende danielhuamani15@gmail.com' },
28 silly resolved     version: '0.0.1',
28 silly resolved     repository:
28 silly resolved      { type: 'git',
28 silly resolved        url: 'git+https://github.com/danielhuamani/sgp_nodejs.git' },
28 silly resolved     dependencies:
28 silly resolved      { 'body-parser': '^1.12.4',
28 silly resolved        'cookie-parser': '^1.3.5',
28 silly resolved        express: '^4.12.4',
28 silly resolved        'express-session': '^1.11.3',
28 silly resolved        mongoose: '^4.1.8',
28 silly resolved        swig: '^1.4.2' },
28 silly resolved     devDependencies: {},
28 silly resolved     scripts: { start: 'node server.js' },
28 silly resolved     readme: '# proyecto-node-js\n',
28 silly resolved     readmeFilename: 'README.md',
28 silly resolved     gitHead: 'f01daae04af691a5c49692ebc852066dfb91c0ef',
28 silly resolved     bugs: { url: 'https://github.com/danielhuamani/sgp_nodejs/issues' },
28 silly resolved     homepage: 'https://github.com/danielhuamani/sgp_nodejs',
28 silly resolved     _id: 'sgp_nodejs@0.0.1',
28 silly resolved     _shasum: '5776acdb74fbfe1aabf27f063bb3bca9fbcfe1dc',
28 silly resolved     _from: '.' } ]
29 info install sgp_nodejs@0.0.1 into /usr/lib
30 info installOne sgp_nodejs@0.0.1
31 verbose lib/node_modules/sgp_nodejs unbuild
32 verbose tar unpack /home/daniel/.npm/sgp_nodejs/0.0.1/package.tgz
33 silly lockFile 0575e897--usr-lib-node-modules-sgp-nodejs tar:///usr/lib/node_modules/sgp_nodejs
34 verbose lock tar:///usr/lib/node_modules/sgp_nodejs /home/daniel/.npm/0575e897--usr-lib-node-modules-sgp-nodejs.lock
35 silly lockFile cf5aa139-npm-sgp-nodejs-0-0-1-package-tgz tar:///home/daniel/.npm/sgp_nodejs/0.0.1/package.tgz
36 verbose lock tar:///home/daniel/.npm/sgp_nodejs/0.0.1/package.tgz /home/daniel/.npm/cf5aa139-npm-sgp-nodejs-0-0-1-package-tgz.lock
37 silly gunzTarPerm modes [ '775', '664' ]
38 error Error: EACCES, mkdir '/usr/lib/node_modules/sgp_nodejs'
38 error  { [Error: EACCES, mkdir '/usr/lib/node_modules/sgp_nodejs']
38 error   errno: 3,
38 error   code: 'EACCES',
38 error   path: '/usr/lib/node_modules/sgp_nodejs',
38 error   fstream_type: 'Directory',
38 error   fstream_path: '/usr/lib/node_modules/sgp_nodejs',
38 error   fstream_class: 'DirWriter',
38 error   fstream_stack:
38 error    [ '/usr/lib/node_modules/npm/node_modules/fstream/lib/dir-writer.js:36:23',
38 error      '/usr/lib/node_modules/npm/node_modules/mkdirp/index.js:46:53',
38 error      'Object.oncomplete (fs.js:108:15)' ] }
39 error Please try running this command again as root/Administrator.
40 error System Linux 3.13.0-63-generic
41 error command "/usr/bin/node" "/usr/bin/npm" "install" "-g"
42 error cwd /home/daniel/node/sgp_nodejs
43 error node -v v0.10.40
44 error npm -v 1.4.28
45 error path /usr/lib/node_modules/sgp_nodejs
46 error fstream_path /usr/lib/node_modules/sgp_nodejs
47 error fstream_type Directory
48 error fstream_class DirWriter
49 error code EACCES
50 error errno 3
51 error stack Error: EACCES, mkdir '/usr/lib/node_modules/sgp_nodejs'
52 error fstream_stack /usr/lib/node_modules/npm/node_modules/fstream/lib/dir-writer.js:36:23
52 error fstream_stack /usr/lib/node_modules/npm/node_modules/mkdirp/index.js:46:53
52 error fstream_stack Object.oncomplete (fs.js:108:15)
53 verbose exit [ 3, true ]
